# Info: [9569]: Logging project transcript to file C:/Users/e229154f/Documents/HDS/operative_part/operative_part_lib/ps/lin_receiver_struct/lin_receiver_struct_impl_1/precision.log
# Info: [9569]: Logging suppressed messages transcript to file C:/Users/e229154f/Documents/HDS/operative_part/operative_part_lib/ps/lin_receiver_struct/lin_receiver_struct_impl_1/precision.log.suppressed
# Info: [9552]: Activated implementation lin_receiver_struct_impl_1 in project C:/Users/e229154f/Documents/HDS/operative_part/operative_part_lib/ps/lin_receiver_struct/lin_receiver_struct.psp.
new_impl -name lin_receiver_struct_impl_1
# Info: [20026]: MultiProc: Precision will use a maximum of 28 logical processors.
# Info: [15302]: Setting up the design to use synthesis library "xca7.syn"
# Info: [585]: The global max fanout is currently set to 10000 for Xilinx - ARTIX-7.
# Info: [15328]: Setting Part to: "7A35TCPG236".
# Info: [15329]: Setting Process to: "1".
# Info: [7513]: The default input to Vivado place and route has been set to "Verilog".
# Info: [7512]: The place and route tool for current technology is Vivado.
# Info: [3052]: Decompressing file : C:/Apps/MentorGraphics/PS2021.2_64-bit/Mgc_home/pkgs/psr/techlibs/xca7.syn in C:/Users/e229154f/Documents/HDS/operative_part/operative_part_lib/ps/lin_receiver_struct/lin_receiver_struct_impl_1/synlib.
# Info: [3022]: Reading file: C:/Users/e229154f/Documents/HDS/operative_part/operative_part_lib/ps/lin_receiver_struct/lin_receiver_struct_impl_1/synlib/xca7.syn.
# Info: [645]: Loading library initialization file C:/Apps/MentorGraphics/PS2021.2_64-bit/Mgc_home/pkgs/psr/userware/xilinx_rename.tcl
# Info: [40000]: vhdlorder, Release 2021b.15
# Info: [40000]: Files sorted successfully.
# Info: [40000]: hdl-analyze, Release RTLC-Precision 2021b.15
# Info: [42502]: Analyzing input file "C:/Users/e229154f/Documents/HDS/operative_part/operative_part_lib/hdl/fifo_struct.vhd" ...
# Info: [42502]: Analyzing input file "C:/Users/e229154f/Documents/HDS/operative_part/operative_part_lib/hdl/lin_receiver_arch.vhd" ...
# Info: [42502]: Analyzing input file "C:/Users/e229154f/Documents/HDS/operative_part/operative_part_lib/hdl/decoder_counter_tbl.vhd" ...
# Info: [42502]: Analyzing input file "C:/Users/e229154f/Documents/HDS/operative_part/operative_part_lib/hdl/internal_state_struct.vhd" ...
# Info: [42502]: Analyzing input file "C:/Users/e229154f/Documents/HDS/operative_part/operative_part_lib/hdl/command_unit_arch.vhd" ...
# Info: [42502]: Analyzing input file "C:/Users/e229154f/Documents/HDS/operative_part/operative_part_lib/hdl/decoder_tbl.vhd" ...
# Info: [42502]: Analyzing input file "C:/Users/e229154f/Documents/HDS/operative_part/operative_part_lib/hdl/operative_part_struct.vhd" ...
# Info: [42502]: Analyzing input file "C:/Users/e229154f/Documents/HDS/operative_part/operative_part_lib/hdl/lin_processing_struct.vhd" ...
# Info: [42502]: Analyzing input file "C:/Users/e229154f/Documents/HDS/operative_part/operative_part_lib/hdl/lin_receiver_struct.vhd" ...
# Info: [668]: Current working directory: C:/Users/e229154f/Documents/HDS/operative_part/operative_part_lib/ps/lin_receiver_struct/lin_receiver_struct_impl_1.
# Info: [40000]: RTLC-Driver, Release RTLC-Precision 2021b.15
# Info: [40000]: Last compiled on Jan  4 2022 13:37:12
# Info: [44512]: Initializing...
# Info: [44504]: Partitioning design ....
# Info: [40000]: RTLCompiler, Release RTLC-Precision 2021b.15
# Info: [40000]: Last compiled on Jan  4 2022 13:41:44
# Info: [44512]: Initializing...
# Info: [44522]: Root Module operative_part_lib.lin_receiver(struct): Pre-processing...
# Info: [44506]: Module operative_part_lib.FIFO(struct): Pre-processing...
# Info: [44506]: Module operative_part_lib.InterfaceMicroprocesseur(arch): Pre-processing...
# Info: [45144]: Extracted FSM in module operative_part_lib.InterfaceMicroprocesseur(arch), with state variable = EtatCourant[1:0], async set/reset state(s) = 00 , number of states = 4.
# Info: [45144]: Preserving the original encoding in 4 state FSM
# Info: [45144]: FSM: State encoding table.
# Info: [40000]: FSM:	Index	         State Name	                            Literal	                      Encoding
# Info: [40000]: FSM:	    0	            Attente	                                 00	                            00
# Info: [40000]: FSM:	    1	        LectureData	                                 01	                            01
# Info: [40000]: FSM:	    2	        LectureEtat	                                 10	                            10
# Info: [40000]: FSM:	    3	     EcritureFiltre	                                 11	                            11
# Info: [44506]: Module operative_part_lib.Internal_state(struct): Pre-processing...
# Info: [44506]: Module operative_part_lib.Decoder_counter(tbl): Pre-processing...
# Info: [44506]: Module operative_part_lib.lin_processing(struct): Pre-processing...
# Info: [44506]: Module operative_part_lib.command_unit(arch): Pre-processing...
# Info: [45143]: "C:/Users/e229154f/Documents/HDS/operative_part/operative_part_lib/hdl/command_unit_arch.vhd", line 50: Enumerated type states with 19 elements encoded as onehot.
# Info: [45144]: Encodings for states values.
# Info: [40000]: value                              	                        states[18-0]
# Info: [40000]: WAITING                            	           0000000000000000001
# Info: [40000]: RECEP_SYNC_BREAK_0                 	           0000000000000000010
# Info: [40000]: RECEP_SYNC_BREAK_1                 	           0000000000000000100
# Info: [40000]: SYNCH_FIELD_WAIT                   	           0000000000000001000
# Info: [40000]: SYNCH_FIELD_START                  	           0000000000000010000
# Info: [40000]: SYNCH_FIELD_DATA                   	           0000000000000100000
# Info: [40000]: SYNCH_FIELD_STOP                   	           0000000000001000000
# Info: [40000]: ID_FIELD_WAIT                      	           0000000000010000000
# Info: [40000]: ID_FIELD_START                     	           0000000000100000000
# Info: [40000]: ID_FIELD_DATA                      	           0000000001000000000
# Info: [40000]: ID_FIELD_STOP                      	           0000000010000000000
# Info: [40000]: FRAME_FIELD_WAIT                   	           0000000100000000000
# Info: [40000]: FRAME_FIELD_START                  	           0000001000000000000
# Info: [40000]: FRAME_FIELD_DATA                   	           0000010000000000000
# Info: [40000]: FRAME_FIELD_STOP                   	           0000100000000000000
# Info: [40000]: CHECKSUM_FIELD_WAIT                	           0001000000000000000
# Info: [40000]: CHECKSUM_FIELD_START               	           0010000000000000000
# Info: [40000]: CHECKSUM_FIELD_DATA                	           0100000000000000000
# Info: [40000]: CHECKSUM_FIELD_STOP                	           1000000000000000000
# Error: [46237]: "C:/Users/e229154f/Documents/HDS/operative_part/operative_part_lib/hdl/command_unit_arch.vhd", line 91: Unsupported Clocking style: Signal/Variable RecByte_RST is assigned in async part before sync part ...
# Error: [46292]: Module operative_part_lib.command_unit(arch) cannot be compiled because it contains non-rtl constructs. Please check the log for warnings or errors about non-synthesizable constructs in this module.
# Info: [44506]: Module operative_part_lib.operative_part(struct): Pre-processing...
# Info: [44506]: Module operative_part_lib.Decoder(tbl): Pre-processing...
# Info: [44508]: Module operative_part_lib.FIFO(struct): Compiling...
# Info: [44838]: "C:/Users/e229154f/Documents/HDS/operative_part/operative_part_lib/hdl/fifo_struct.vhd", line 100: Macro Modgen_Counter "counter_updn_aclear_clock_cnt_en_0_4" inferred for node "mw_U_0addr_nval".
# Info: [44508]: Module operative_part_lib.InterfaceMicroprocesseur(arch): Compiling...
# Info: [44508]: Module operative_part_lib.Decoder_counter(tbl): Compiling...
# Info: [44508]: Module operative_part_lib.Internal_state(struct): Compiling...
# Info: [44838]: "C:/Users/e229154f/Documents/HDS/operative_part/operative_part_lib/hdl/internal_state_struct.vhd", line 119: Macro Modgen_Counter "counter_updn_sload_sclear_aclear_clock_clk_en_4_4" inferred for node "mw_U_9n_cnt".
# Info: [44508]: Module operative_part_lib.Decoder(tbl): Compiling...
# Info: [44508]: Module operative_part_lib.operative_part(struct): Compiling...
# Info: [44838]: "C:/Users/e229154f/Documents/HDS/operative_part/operative_part_lib/hdl/operative_part_struct.vhd", line 151: Macro Modgen_Counter "counter_updn_sload_sclear_aclear_clock_clk_en_0_11" inferred for node "mw_U_1n_cnt".
# Info: [44838]: "C:/Users/e229154f/Documents/HDS/operative_part/operative_part_lib/hdl/operative_part_struct.vhd", line 198: Macro Modgen_Counter "counter_updn_sload_sclear_aclear_clock_clk_en_0_3" inferred for node "mw_U_2n_cnt".
# Info: [44838]: "C:/Users/e229154f/Documents/HDS/operative_part/operative_part_lib/hdl/operative_part_struct.vhd", line 245: Macro Modgen_Counter "counter_updn_sload_sclear_aclear_clock_clk_en_0_4" inferred for node "mw_U_3n_cnt".
# Info: [44508]: Module operative_part_lib.lin_processing(struct): Compiling...
# Info: [44523]: Root Module operative_part_lib.lin_receiver(struct): Compiling...
# Info: [44513]: Overall running time for compilation: 3.0 secs.
# Error: [46259]: Design compilation failed, unsupported or non-rtl constructs detected in the following modules :
# Info: [40000]: operative_part_lib.command_unit(arch)
# Info: [40000]: Please check the log for details pertaining to unsupported or non-rtl construct(s)
# Error: [685]: Unable to elaborate design operative_part_lib.lin_receiver(struct) in vhdl.
# Info: HDL Designer Synthesis run finished
source C:/Users/e229154f/Documents/HDS/operative_part/operative_part_lib/ps/lin_receiver_struct/hds/precision.tcl
# COMMAND: exit -force
# Warning: [9526]: Discarded unsaved work in implementation lin_receiver_struct_impl_1.
